<?xml version="1.0" encoding="UTF-8" ?>
<testsuite tests="3" failures="1" name="com.til.brandwire.test.TestCase" time="202.073" errors="0" skipped="0">
  <properties>
[...]
</properties>
  <testcase classname="com.til.brandwire.test.TestCase" name="enterStoryDetails" time="84.94"/>
  <testcase classname="com.til.brandwire.test.TestCase" name="enterStoryDetails" time="45.332"/>
  <testcase classname="com.til.brandwire.test.TestCase" name="enterStoryDetails" time="71.801">
    <failure message="Expected condition failed: waiting for visibility of element located by By.xpath: //*[@id=&quot;image_crop_pop&quot;]/div[2]/div/div/div/div/button[2] (tried for 20 second(s) with 500 MILLISECONDS interval)" type="org.openqa.selenium.TimeoutException">org.openqa.selenium.TimeoutException: Expected condition failed: waiting for visibility of element located by By.xpath: //*[@id=&quot;image_crop_pop&quot;]/div[2]/div/div/div/div/button[2] (tried for 20 second(s) with 500 MILLISECONDS interval)
	at org.openqa.selenium.support.ui.WebDriverWait.timeoutException(WebDriverWait.java:82)
	at org.openqa.selenium.support.ui.FluentWait.until(FluentWait.java:231)
	at com.til.colombia.brandwire.login.Helper.waiting(Helper.java:30)
	at com.til.colombia.brandwire.login.Helper.uploadListicleImage(Helper.java:166)
	at com.til.colombia.brandwire.login.CreateBrandStory.storyInitialize(CreateBrandStory.java:73)
	at com.til.brandwire.test.TestCase.enterStoryDetails(TestCase.java:45)
Caused by: org.openqa.selenium.NoSuchElementException: Cannot locate an element using By.xpath: //*[@id=&quot;image_crop_pop&quot;]/div[2]/div/div/div/div/button[2]
For documentation on this error, please visit: http://seleniumhq.org/exceptions/no_such_element.html
Build info: version: &apos;3.7.1&apos;, revision: &apos;8a0099a&apos;, time: &apos;2017-11-06T21:01:39.354Z&apos;
System info: host: &apos;TILLT04345&apos;, ip: &apos;10.150.152.65&apos;, os.name: &apos;Windows 8.1&apos;, os.arch: &apos;amd64&apos;, os.version: &apos;6.3&apos;, java.version: &apos;1.8.0_151&apos;
Driver info: driver.version: unknown
	at org.openqa.selenium.support.ui.ExpectedConditions.lambda$findElement$0(ExpectedConditions.java:882)
	at java.util.Optional.orElseThrow(Optional.java:290)
	at org.openqa.selenium.support.ui.ExpectedConditions.findElement(ExpectedConditions.java:881)
	at org.openqa.selenium.support.ui.ExpectedConditions.access$000(ExpectedConditions.java:43)
	at org.openqa.selenium.support.ui.ExpectedConditions$7.apply(ExpectedConditions.java:205)
	at org.openqa.selenium.support.ui.ExpectedConditions$7.apply(ExpectedConditions.java:201)
	at org.openqa.selenium.support.ui.FluentWait.until(FluentWait.java:208)
	... 37 more
</failure>
    <system-out>INFO  TestCase - accordionClick method is called
INFO  LoginPage - Inside the accordionClick method
INFO  TestCase - accordionClick method successfully runs
INFO  TestCase - enterStoryDetails method is called
INFO  CreateBrandStory - storyInitialize method is called
INFO  CreateBrandStory - languageSelection successfully runs
INFO  CreateBrandStory - createBrandStory method is called
INFO  CreateBrandStory - createBrandStory successfully runs
INFO  CreateBrandStory - Checking the template type
INFO  CreateBrandStory - Value of template entered is Listicle
INFO  CreateBrandStory - checkTemplateType method called
INFO  CreateBrandStory - Template type is listicle
INFO  CreateBrandStory - else block has been called
INFO  CreateBrandStory - The checkTemplateType method successfully runs
</system-out>
  </testcase>
</testsuite>